[nhuongquyen.amslink.edu.vn/index766b.html]
[backblue.gif]
[fade.gif]
[index.html]
[nhuongquyen.amslink.edu.vn/index.html]
[w.ladicdn.com_443/5e1fe31f6defce3c604ee258/logo-amslink-2019-02-20200122042406.png]
[w.ladicdn.com/v4/source/ladipagev3.min6a23.js]
[w.ladicdn.com/s400x400/5e1fe31f6defce3c604ee258/4940790-20210620172326.png]
[w.ladicdn.com/s1440x437/5e1fe31f6defce3c604ee258/banner-ladi-nq-hien-thuc-hoa-giac-mo-72-20240617065015-76bc2.jpg]
[w.ladicdn.com/s2650x1250/5e1fe31f6defce3c604ee258/6032-20240612090811-mjbnz.jpg]
[w.ladicdn.com/s400x400/5e1fe31f6defce3c604ee258/3-20210620080940.png]
[w.ladicdn.com/s650x650/5e1fe31f6defce3c604ee258/428602885_695037879502136_7987580422991982329_n-20240612041316--bajs.jpg]
[w.ladicdn.com/s650x650/5e1fe31f6defce3c604ee258/428612816_695037806168810_7741058018917816299_n-20240612041304-diool.jpg]
[w.ladicdn.com/s650x650/5e1fe31f6defce3c604ee258/428605691_695037819502142_4351640240544745718_n-20240612041238-de1go.jpg]
[w.ladicdn.com/s2650x1500/5e1fe31f6defce3c604ee258/6032-20240612090811-mjbnz.jpg]
[w.ladicdn.com/s950x550/5e1fe31f6defce3c604ee258/asset-21-20240612170049-kaq0t.png]
[w.ladicdn.com/s1440x1031/5e1fe31f6defce3c604ee258/white-abstract-background-design_23-2148825582-20210620194652.jpg]
[w.ladicdn.com/s750x450/5e1fe31f6defce3c604ee258/asset-66-20240617044407-u9vqe.png]
[w.ladicdn.com/s750x450/5e1fe31f6defce3c604ee258/asset-65-20240617044407-fdegm.png]
[w.ladicdn.com/s750x450/5e1fe31f6defce3c604ee258/asset-68-20240617044407-7hcdv.png]
[w.ladicdn.com/s750x450/5e1fe31f6defce3c604ee258/asset-70-20240617044407-ha2lk.png]
[w.ladicdn.com/s750x450/5e1fe31f6defce3c604ee258/asset-67-20240617044407-j5xbg.png]
[w.ladicdn.com/s750x450/5e1fe31f6defce3c604ee258/asset-69-20240617044407-ktbwp.png]
[w.ladicdn.com/s1100x750/5e1fe31f6defce3c604ee258/395315945_630943395911585_4515150407181542991_n-20240614163740-9jhxo.jpg]
[w.ladicdn.com/s950x550/5e1fe31f6defce3c604ee258/asset-2-20240612163236-lvpvp.png]
[w.ladicdn.com/s1440x730/5e1fe31f6defce3c604ee258/white-abstract-background-design_23-2148825582-20210620194652.jpg]
[w.ladicdn.com/s400x400/5e1fe31f6defce3c604ee258/2058768-20210620171515.png]
[w.ladicdn.com/s400x400/5e1fe31f6defce3c604ee258/1997928-20210620170425.png]
[w.ladicdn.com/s400x400/5e1fe31f6defce3c604ee258/4149677-20210620171208.png]
[w.ladicdn.com/s400x400/5e1fe31f6defce3c604ee258/3079297-20210620172326.png]
[w.ladicdn.com/s400x400/5e1fe31f6defce3c604ee258/547166-20210620172326.png]
[w.ladicdn.com/s600x400/5e1fe31f6defce3c604ee258/asset-44-20240613062720-_8bde.png]
[w.ladicdn.com/s700x400/5e1fe31f6defce3c604ee258/asset-45-20240613062720-0f6vx.png]
[w.ladicdn.com/s700x400/5e1fe31f6defce3c604ee258/asset-42-20240613062720-iz56r.png]
[w.ladicdn.com/s600x400/5e1fe31f6defce3c604ee258/asset-43-20240613062720-rs8v1.png]
[w.ladicdn.com/s600x400/5e1fe31f6defce3c604ee258/asset-41-20240613062720-ortpl.png]
[w.ladicdn.com/s600x400/5e1fe31f6defce3c604ee258/asset-46-20240613062824-mu9vc.png]
[w.ladicdn.com/s950x600/5e1fe31f6defce3c604ee258/asset-22-20240612170122-euujs.png]
[w.ladicdn.com/s1440x560/5e1fe31f6defce3c604ee258/white-abstract-background-design_23-2148825582-20210620194652.jpg]
[w.ladicdn.com/s1850x900/5e1fe31f6defce3c604ee258/web-nq-tham-gia-chuong-trinh-doi-tac-03-1-20240617064629-isn7l.jpg]
[w.ladicdn.com/s1050x550/5e1fe31f6defce3c604ee258/asset-47-20240613072510--wr3o.png]
[w.ladicdn.com/s1440x1558/5e1fe31f6defce3c604ee258/white-abstract-background-design_23-2148825582-20210620194652.jpg]
[w.ladicdn.com/s700x550/5e1fe31f6defce3c604ee258/tom06441-copy-20210622081001.jpg]
[w.ladicdn.com/s700x550/5e1fe31f6defce3c604ee258/13-20210622081030.jpg]
[w.ladicdn.com/s700x550/5e1fe31f6defce3c604ee258/temp-tieng-anh-trung-hoc-05-1-20240613094508-hf3bz.png]
[w.ladicdn.com/s700x600/5e1fe31f6defce3c604ee258/temp-tieng-anh-chuyen_hanh-trinh-03-20240613094444-o5_tb.png]
[w.ladicdn.com/s650x850/5e1fe31f6defce3c604ee258/jq1c2ysu20240613084457.jpg]
[w.ladicdn.com/s750x600/5e1fe31f6defce3c604ee258/uploaded-chuongtrinh_ielts-cuoc-thi_asset-7_rs1_11232x6318-20240613080734-ibb_r.png]
[w.ladicdn.com/s1440x797/5e1fe31f6defce3c604ee258/6032-20240612090811-mjbnz.jpg]
[w.ladicdn.com/s450x450/5e0f079a09ebeb1a23376b17/2020-01-14-1-20200114103018.png]
[w.ladicdn.com/s768x133/5e1fe31f6defce3c604ee258/banner-ladi-nq-hien-thuc-hoa-giac-mo-72-20240617065015-76bc2.jpg]
[w.ladicdn.com/s1000x700/5e1fe31f6defce3c604ee258/6032-20240612090811-mjbnz.jpg]
[w.ladicdn.com/s350x350/5e1fe31f6defce3c604ee258/3-20210620080940.png]
[w.ladicdn.com/s450x450/5e1fe31f6defce3c604ee258/428602885_695037879502136_7987580422991982329_n-20240612041316--bajs.jpg]
[w.ladicdn.com/s450x450/5e1fe31f6defce3c604ee258/428612816_695037806168810_7741058018917816299_n-20240612041304-diool.jpg]
[w.ladicdn.com/s450x450/5e1fe31f6defce3c604ee258/428605691_695037819502142_4351640240544745718_n-20240612041238-de1go.jpg]
[w.ladicdn.com/s800x550/5e1fe31f6defce3c604ee258/6032-20240612090811-mjbnz.jpg]
[w.ladicdn.com/s650x450/5e1fe31f6defce3c604ee258/asset-21-20240612170049-kaq0t.png]
[w.ladicdn.com/s768x963/5e1fe31f6defce3c604ee258/white-abstract-background-design_23-2148825582-20210620194652.jpg]
[w.ladicdn.com/s600x400/5e1fe31f6defce3c604ee258/asset-66-20240617044407-u9vqe.png]
[w.ladicdn.com/s600x400/5e1fe31f6defce3c604ee258/asset-65-20240617044407-fdegm.png]
[w.ladicdn.com/s600x400/5e1fe31f6defce3c604ee258/asset-68-20240617044407-7hcdv.png]
[w.ladicdn.com/s600x400/5e1fe31f6defce3c604ee258/asset-70-20240617044407-ha2lk.png]
[w.ladicdn.com/s600x400/5e1fe31f6defce3c604ee258/asset-67-20240617044407-j5xbg.png]
[w.ladicdn.com/s600x400/5e1fe31f6defce3c604ee258/asset-69-20240617044407-ktbwp.png]
[w.ladicdn.com/s800x600/5e1fe31f6defce3c604ee258/395315945_630943395911585_4515150407181542991_n-20240614163740-9jhxo.jpg]
[w.ladicdn.com/s650x450/5e1fe31f6defce3c604ee258/asset-2-20240612163236-lvpvp.png]
[w.ladicdn.com/s768x1008/5e1fe31f6defce3c604ee258/white-abstract-background-design_23-2148825582-20210620194652.jpg]
[w.ladicdn.com/s350x350/5e1fe31f6defce3c604ee258/2058768-20210620171515.png]
[w.ladicdn.com/s350x350/5e1fe31f6defce3c604ee258/1997928-20210620170425.png]
[w.ladicdn.com/s350x350/5e1fe31f6defce3c604ee258/4149677-20210620171208.png]
[w.ladicdn.com/s350x350/5e1fe31f6defce3c604ee258/3079297-20210620172326.png]
[w.ladicdn.com/s350x350/5e1fe31f6defce3c604ee258/547166-20210620172326.png]
[w.ladicdn.com/s500x400/5e1fe31f6defce3c604ee258/asset-44-20240613062720-_8bde.png]
[w.ladicdn.com/s550x400/5e1fe31f6defce3c604ee258/asset-45-20240613062720-0f6vx.png]
[w.ladicdn.com/s600x400/5e1fe31f6defce3c604ee258/asset-42-20240613062720-iz56r.png]
[w.ladicdn.com/s550x400/5e1fe31f6defce3c604ee258/asset-43-20240613062720-rs8v1.png]
[w.ladicdn.com/s550x400/5e1fe31f6defce3c604ee258/asset-41-20240613062720-ortpl.png]
[w.ladicdn.com/s550x400/5e1fe31f6defce3c604ee258/asset-46-20240613062824-mu9vc.png]
[w.ladicdn.com/s750x550/5e1fe31f6defce3c604ee258/6032-20240612090811-mjbnz.jpg]
[w.ladicdn.com/s650x450/5e1fe31f6defce3c604ee258/asset-22-20240612170122-euujs.png]
[w.ladicdn.com/s768x231/5e1fe31f6defce3c604ee258/white-abstract-background-design_23-2148825582-20210620194652.jpg]
[w.ladicdn.com/s900x550/5e1fe31f6defce3c604ee258/web-nq-tham-gia-chuong-trinh-doi-tac-03-1-20240617064629-isn7l.jpg]
[w.ladicdn.com/s700x450/5e1fe31f6defce3c604ee258/asset-47-20240613072510--wr3o.png]
[w.ladicdn.com/s768x1220/5e1fe31f6defce3c604ee258/white-abstract-background-design_23-2148825582-20210620194652.jpg]
[w.ladicdn.com/s500x450/5e1fe31f6defce3c604ee258/tom06441-copy-20210622081001.jpg]
[w.ladicdn.com/s500x450/5e1fe31f6defce3c604ee258/13-20210622081030.jpg]
[w.ladicdn.com/s500x450/5e1fe31f6defce3c604ee258/temp-tieng-anh-trung-hoc-05-1-20240613094508-hf3bz.png]
[w.ladicdn.com/s500x450/5e1fe31f6defce3c604ee258/temp-tieng-anh-chuyen_hanh-trinh-03-20240613094444-o5_tb.png]
[w.ladicdn.com/s650x900/5e1fe31f6defce3c604ee258/jq1c2ysu20240613084457.jpg]
[w.ladicdn.com/s550x450/5e1fe31f6defce3c604ee258/uploaded-chuongtrinh_ielts-cuoc-thi_asset-7_rs1_11232x6318-20240613080734-ibb_r.png]
[w.ladicdn.com/s768x486/5e1fe31f6defce3c604ee258/6032-20240612090811-mjbnz.jpg]
[w.ladicdn.com/s400x400/5e0f079a09ebeb1a23376b17/2020-01-14-1-20200114103018.png]
[nhuongquyen.amslink.edu.vn/index766b.html]
[nhuongquyen.amslink.edu.vn/index.html]
[connect.facebook.net/en_US/fbevents.js]
[nhuongquyen.amslink.edu.vn/a.html]
[nhuongquyen.amslink.edu.vn/POST.html]
[nhuongquyen.amslink.edu.vn/b.html]
[nhuongquyen.amslink.edu.vn/schema.org/index.html]
[nhuongquyen.amslink.edu.vn/d.html]
[nhuongquyen.amslink.edu.vn/signals/iwl.html]
[nhuongquyen.amslink.edu.vn/c.html]
[connect.facebook.net/en_US/fbevents.js]
[nhuongquyen.amslink.edu.vn/a.html]
[nhuongquyen.amslink.edu.vn/POST.html]
[nhuongquyen.amslink.edu.vn/schema.org/index.html]
[nhuongquyen.amslink.edu.vn/b.html]
[nhuongquyen.amslink.edu.vn/d.html]
[nhuongquyen.amslink.edu.vn/signals/iwl.html]
[nhuongquyen.amslink.edu.vn/c.html]
[nhuongquyen.amslink.edu.vn/c-2.html]
[nhuongquyen.amslink.edu.vn/c-2.html]
